{"/Users/nsigal/Documents/chalhoub/newspwa_app/src/pages/Home/HomePage.js": {"path":"/Users/nsigal/Documents/chalhoub/newspwa_app/src/pages/Home/HomePage.js","statementMap":{"0":{"start":{"line":3,"column":17},"end":{"line":5,"column":1}},"1":{"start":{"line":4,"column":4},"end":{"line":4,"column":53}}},"fnMap":{"0":{"name":"(anonymous_0)","decl":{"start":{"line":3,"column":17},"end":{"line":3,"column":18}},"loc":{"start":{"line":3,"column":23},"end":{"line":5,"column":1}},"line":3}},"branchMap":{},"s":{"0":1,"1":1},"f":{"0":1},"b":{},"_coverageSchema":"43e27e138ebf9cfc5966b082cf9a028302ed4184","hash":"717dfdf9d009a0a7d8ac8fdfea84854584090fa2"}
}
