{"/Users/nsigal/Documents/chalhoub/newspwa_app/src/components/Article/index.js": {"path":"/Users/nsigal/Documents/chalhoub/newspwa_app/src/components/Article/index.js","statementMap":{"0":{"start":{"line":5,"column":8},"end":{"line":5,"column":21}},"1":{"start":{"line":6,"column":8},"end":{"line":6,"column":36}},"2":{"start":{"line":7,"column":8},"end":{"line":7,"column":55}},"3":{"start":{"line":11,"column":8},"end":{"line":11,"column":39}},"4":{"start":{"line":15,"column":26},"end":{"line":15,"column":36}},"5":{"start":{"line":16,"column":8},"end":{"line":27,"column":9}}},"fnMap":{"0":{"name":"(anonymous_0)","decl":{"start":{"line":4,"column":4},"end":{"line":4,"column":5}},"loc":{"start":{"line":4,"column":23},"end":{"line":8,"column":5}},"line":4},"1":{"name":"(anonymous_1)","decl":{"start":{"line":10,"column":4},"end":{"line":10,"column":5}},"loc":{"start":{"line":10,"column":18},"end":{"line":12,"column":5}},"line":10},"2":{"name":"(anonymous_2)","decl":{"start":{"line":14,"column":4},"end":{"line":14,"column":5}},"loc":{"start":{"line":14,"column":13},"end":{"line":28,"column":5}},"line":14}},"branchMap":{"0":{"loc":{"start":{"line":20,"column":55},"end":{"line":20,"column":79}},"type":"cond-expr","locations":[{"start":{"line":20,"column":65},"end":{"line":20,"column":74}},{"start":{"line":20,"column":77},"end":{"line":20,"column":79}}],"line":20}},"s":{"0":0,"1":0,"2":0,"3":0,"4":0,"5":0},"f":{"0":0,"1":0,"2":0},"b":{"0":[0,0]},"_coverageSchema":"43e27e138ebf9cfc5966b082cf9a028302ed4184","hash":"7e3ebbd4303ba02a87a8b1c9668bb8401b294f26"}
,"/Users/nsigal/Documents/chalhoub/newspwa_app/src/components/ArticleList/index.js": {"path":"/Users/nsigal/Documents/chalhoub/newspwa_app/src/components/ArticleList/index.js","statementMap":{"0":{"start":{"line":4,"column":20},"end":{"line":17,"column":1}},"1":{"start":{"line":5,"column":2},"end":{"line":16,"column":4}},"2":{"start":{"line":8,"column":10},"end":{"line":13,"column":48}}},"fnMap":{"0":{"name":"(anonymous_0)","decl":{"start":{"line":4,"column":20},"end":{"line":4,"column":21}},"loc":{"start":{"line":4,"column":38},"end":{"line":17,"column":1}},"line":4},"1":{"name":"(anonymous_1)","decl":{"start":{"line":7,"column":20},"end":{"line":7,"column":21}},"loc":{"start":{"line":8,"column":10},"end":{"line":13,"column":48}},"line":8}},"branchMap":{},"s":{"0":2,"1":4,"2":0},"f":{"0":4,"1":0},"b":{},"_coverageSchema":"43e27e138ebf9cfc5966b082cf9a028302ed4184","hash":"324ebc1204679e6288629767af19cd872969ebe4"}
,"/Users/nsigal/Documents/chalhoub/newspwa_app/src/components/Image/index.js": {"path":"/Users/nsigal/Documents/chalhoub/newspwa_app/src/components/Image/index.js","statementMap":{"0":{"start":{"line":5,"column":4},"end":{"line":5,"column":17}},"1":{"start":{"line":6,"column":4},"end":{"line":6,"column":39}},"2":{"start":{"line":7,"column":4},"end":{"line":7,"column":25}},"3":{"start":{"line":11,"column":4},"end":{"line":17,"column":7}},"4":{"start":{"line":12,"column":20},"end":{"line":12,"column":30}},"5":{"start":{"line":13,"column":6},"end":{"line":16,"column":7}},"6":{"start":{"line":14,"column":8},"end":{"line":14,"column":45}},"7":{"start":{"line":15,"column":8},"end":{"line":15,"column":35}},"8":{"start":{"line":19,"column":4},"end":{"line":19,"column":39}},"9":{"start":{"line":23,"column":4},"end":{"line":23,"column":31}},"10":{"start":{"line":27,"column":35},"end":{"line":27,"column":45}},"11":{"start":{"line":29,"column":4},"end":{"line":36,"column":6}},"12":{"start":{"line":34,"column":22},"end":{"line":34,"column":40}}},"fnMap":{"0":{"name":"(anonymous_0)","decl":{"start":{"line":4,"column":2},"end":{"line":4,"column":3}},"loc":{"start":{"line":4,"column":21},"end":{"line":8,"column":3}},"line":4},"1":{"name":"(anonymous_1)","decl":{"start":{"line":10,"column":2},"end":{"line":10,"column":3}},"loc":{"start":{"line":10,"column":22},"end":{"line":20,"column":3}},"line":10},"2":{"name":"(anonymous_2)","decl":{"start":{"line":11,"column":45},"end":{"line":11,"column":46}},"loc":{"start":{"line":11,"column":56},"end":{"line":17,"column":5}},"line":11},"3":{"name":"(anonymous_3)","decl":{"start":{"line":22,"column":2},"end":{"line":22,"column":3}},"loc":{"start":{"line":22,"column":25},"end":{"line":24,"column":3}},"line":22},"4":{"name":"(anonymous_4)","decl":{"start":{"line":26,"column":2},"end":{"line":26,"column":3}},"loc":{"start":{"line":26,"column":11},"end":{"line":37,"column":3}},"line":26},"5":{"name":"(anonymous_5)","decl":{"start":{"line":34,"column":13},"end":{"line":34,"column":14}},"loc":{"start":{"line":34,"column":22},"end":{"line":34,"column":40}},"line":34}},"branchMap":{"0":{"loc":{"start":{"line":13,"column":6},"end":{"line":16,"column":7}},"type":"if","locations":[{"start":{"line":13,"column":6},"end":{"line":16,"column":7}},{"start":{"line":13,"column":6},"end":{"line":16,"column":7}}],"line":13},"1":{"loc":{"start":{"line":32,"column":13},"end":{"line":32,"column":46}},"type":"cond-expr","locations":[{"start":{"line":32,"column":38},"end":{"line":32,"column":41}},{"start":{"line":32,"column":44},"end":{"line":32,"column":46}}],"line":32},"2":{"loc":{"start":{"line":33,"column":13},"end":{"line":33,"column":22}},"type":"binary-expr","locations":[{"start":{"line":33,"column":13},"end":{"line":33,"column":16}},{"start":{"line":33,"column":20},"end":{"line":33,"column":22}}],"line":33}},"s":{"0":0,"1":0,"2":0,"3":0,"4":0,"5":0,"6":0,"7":0,"8":0,"9":0,"10":0,"11":0,"12":0},"f":{"0":0,"1":0,"2":0,"3":0,"4":0,"5":0},"b":{"0":[0,0],"1":[0,0],"2":[0,0]},"_coverageSchema":"43e27e138ebf9cfc5966b082cf9a028302ed4184","hash":"b25a07c72626c735990973850862918eb9b08d21"}
,"/Users/nsigal/Documents/chalhoub/newspwa_app/src/pages/Categories/CategoriesPage.js": {"path":"/Users/nsigal/Documents/chalhoub/newspwa_app/src/pages/Categories/CategoriesPage.js","statementMap":{"0":{"start":{"line":5,"column":8},"end":{"line":5,"column":21}},"1":{"start":{"line":6,"column":8},"end":{"line":11,"column":9}},"2":{"start":{"line":13,"column":8},"end":{"line":13,"column":65}},"3":{"start":{"line":14,"column":8},"end":{"line":14,"column":59}},"4":{"start":{"line":16,"column":8},"end":{"line":16,"column":45}},"5":{"start":{"line":20,"column":8},"end":{"line":20,"column":38}},"6":{"start":{"line":24,"column":22},"end":{"line":24,"column":47}},"7":{"start":{"line":25,"column":22},"end":{"line":25,"column":35}},"8":{"start":{"line":26,"column":8},"end":{"line":29,"column":9}},"9":{"start":{"line":27,"column":12},"end":{"line":27,"column":64}},"10":{"start":{"line":28,"column":12},"end":{"line":28,"column":42}},"11":{"start":{"line":33,"column":40},"end":{"line":33,"column":50}},"12":{"start":{"line":34,"column":8},"end":{"line":45,"column":9}},"13":{"start":{"line":35,"column":8},"end":{"line":35,"column":39}},"14":{"start":{"line":36,"column":25},"end":{"line":36,"column":94}},"15":{"start":{"line":37,"column":24},"end":{"line":37,"column":45}},"16":{"start":{"line":38,"column":8},"end":{"line":42,"column":9}},"17":{"start":{"line":39,"column":25},"end":{"line":39,"column":50}},"18":{"start":{"line":40,"column":12},"end":{"line":40,"column":28}},"19":{"start":{"line":41,"column":12},"end":{"line":41,"column":57}},"20":{"start":{"line":44,"column":12},"end":{"line":44,"column":54}},"21":{"start":{"line":50,"column":26},"end":{"line":50,"column":81}},"22":{"start":{"line":51,"column":23},"end":{"line":51,"column":66}},"23":{"start":{"line":52,"column":8},"end":{"line":54,"column":9}},"24":{"start":{"line":53,"column":12},"end":{"line":53,"column":42}},"25":{"start":{"line":58,"column":23},"end":{"line":58,"column":33}},"26":{"start":{"line":59,"column":7},"end":{"line":63,"column":5}}},"fnMap":{"0":{"name":"(anonymous_0)","decl":{"start":{"line":4,"column":4},"end":{"line":4,"column":5}},"loc":{"start":{"line":4,"column":22},"end":{"line":17,"column":5}},"line":4},"1":{"name":"(anonymous_1)","decl":{"start":{"line":19,"column":4},"end":{"line":19,"column":5}},"loc":{"start":{"line":19,"column":29},"end":{"line":21,"column":5}},"line":19},"2":{"name":"(anonymous_2)","decl":{"start":{"line":23,"column":4},"end":{"line":23,"column":5}},"loc":{"start":{"line":23,"column":47},"end":{"line":30,"column":5}},"line":23},"3":{"name":"(anonymous_3)","decl":{"start":{"line":32,"column":4},"end":{"line":32,"column":5}},"loc":{"start":{"line":32,"column":30},"end":{"line":46,"column":5}},"line":32},"4":{"name":"(anonymous_4)","decl":{"start":{"line":48,"column":4},"end":{"line":48,"column":5}},"loc":{"start":{"line":48,"column":26},"end":{"line":55,"column":5}},"line":48},"5":{"name":"(anonymous_5)","decl":{"start":{"line":57,"column":4},"end":{"line":57,"column":5}},"loc":{"start":{"line":57,"column":13},"end":{"line":64,"column":5}},"line":57}},"branchMap":{"0":{"loc":{"start":{"line":26,"column":8},"end":{"line":29,"column":9}},"type":"if","locations":[{"start":{"line":26,"column":8},"end":{"line":29,"column":9}},{"start":{"line":26,"column":8},"end":{"line":29,"column":9}}],"line":26},"1":{"loc":{"start":{"line":38,"column":8},"end":{"line":42,"column":9}},"type":"if","locations":[{"start":{"line":38,"column":8},"end":{"line":42,"column":9}},{"start":{"line":38,"column":8},"end":{"line":42,"column":9}}],"line":38},"2":{"loc":{"start":{"line":52,"column":8},"end":{"line":54,"column":9}},"type":"if","locations":[{"start":{"line":52,"column":8},"end":{"line":54,"column":9}},{"start":{"line":52,"column":8},"end":{"line":54,"column":9}}],"line":52},"3":{"loc":{"start":{"line":52,"column":12},"end":{"line":52,"column":53}},"type":"binary-expr","locations":[{"start":{"line":52,"column":12},"end":{"line":52,"column":30}},{"start":{"line":52,"column":34},"end":{"line":52,"column":53}}],"line":52}},"s":{"0":1,"1":1,"2":1,"3":1,"4":1,"5":1,"6":0,"7":0,"8":0,"9":0,"10":0,"11":1,"12":1,"13":1,"14":1,"15":0,"16":0,"17":0,"18":0,"19":0,"20":1,"21":0,"22":0,"23":0,"24":0,"25":2,"26":2},"f":{"0":1,"1":1,"2":0,"3":1,"4":0,"5":2},"b":{"0":[0,0],"1":[0,0],"2":[0,0],"3":[0,0]},"_coverageSchema":"43e27e138ebf9cfc5966b082cf9a028302ed4184","hash":"6bcfe987e56d4dd2e8b954c2f22aeb550116bb45"}
,"/Users/nsigal/Documents/chalhoub/newspwa_app/src/pages/Home/HomePage.js": {"path":"/Users/nsigal/Documents/chalhoub/newspwa_app/src/pages/Home/HomePage.js","statementMap":{"0":{"start":{"line":5,"column":8},"end":{"line":5,"column":21}},"1":{"start":{"line":7,"column":8},"end":{"line":11,"column":10}},"2":{"start":{"line":13,"column":8},"end":{"line":13,"column":51}},"3":{"start":{"line":14,"column":8},"end":{"line":14,"column":59}},"4":{"start":{"line":16,"column":8},"end":{"line":16,"column":45}},"5":{"start":{"line":20,"column":8},"end":{"line":20,"column":31}},"6":{"start":{"line":24,"column":45},"end":{"line":24,"column":55}},"7":{"start":{"line":25,"column":8},"end":{"line":25,"column":38}},"8":{"start":{"line":26,"column":25},"end":{"line":26,"column":88}},"9":{"start":{"line":27,"column":25},"end":{"line":27,"column":46}},"10":{"start":{"line":28,"column":8},"end":{"line":32,"column":9}},"11":{"start":{"line":29,"column":25},"end":{"line":29,"column":50}},"12":{"start":{"line":30,"column":12},"end":{"line":30,"column":28}},"13":{"start":{"line":31,"column":12},"end":{"line":31,"column":57}},"14":{"start":{"line":36,"column":26},"end":{"line":36,"column":81}},"15":{"start":{"line":37,"column":23},"end":{"line":37,"column":66}},"16":{"start":{"line":38,"column":8},"end":{"line":40,"column":9}},"17":{"start":{"line":39,"column":12},"end":{"line":39,"column":35}},"18":{"start":{"line":44,"column":25},"end":{"line":44,"column":35}},"19":{"start":{"line":45,"column":8},"end":{"line":49,"column":10}}},"fnMap":{"0":{"name":"(anonymous_0)","decl":{"start":{"line":4,"column":4},"end":{"line":4,"column":5}},"loc":{"start":{"line":4,"column":23},"end":{"line":17,"column":5}},"line":4},"1":{"name":"(anonymous_1)","decl":{"start":{"line":19,"column":4},"end":{"line":19,"column":5}},"loc":{"start":{"line":19,"column":30},"end":{"line":21,"column":5}},"line":19},"2":{"name":"(anonymous_2)","decl":{"start":{"line":23,"column":4},"end":{"line":23,"column":5}},"loc":{"start":{"line":23,"column":22},"end":{"line":33,"column":5}},"line":23},"3":{"name":"(anonymous_3)","decl":{"start":{"line":35,"column":4},"end":{"line":35,"column":5}},"loc":{"start":{"line":35,"column":26},"end":{"line":41,"column":5}},"line":35},"4":{"name":"(anonymous_4)","decl":{"start":{"line":43,"column":4},"end":{"line":43,"column":5}},"loc":{"start":{"line":43,"column":13},"end":{"line":50,"column":5}},"line":43}},"branchMap":{"0":{"loc":{"start":{"line":28,"column":8},"end":{"line":32,"column":9}},"type":"if","locations":[{"start":{"line":28,"column":8},"end":{"line":32,"column":9}},{"start":{"line":28,"column":8},"end":{"line":32,"column":9}}],"line":28},"1":{"loc":{"start":{"line":38,"column":8},"end":{"line":40,"column":9}},"type":"if","locations":[{"start":{"line":38,"column":8},"end":{"line":40,"column":9}},{"start":{"line":38,"column":8},"end":{"line":40,"column":9}}],"line":38},"2":{"loc":{"start":{"line":38,"column":12},"end":{"line":38,"column":54}},"type":"binary-expr","locations":[{"start":{"line":38,"column":12},"end":{"line":38,"column":30}},{"start":{"line":38,"column":35},"end":{"line":38,"column":54}}],"line":38},"3":{"loc":{"start":{"line":47,"column":17},"end":{"line":47,"column":56}},"type":"binary-expr","locations":[{"start":{"line":47,"column":17},"end":{"line":47,"column":21}},{"start":{"line":47,"column":25},"end":{"line":47,"column":56}}],"line":47}},"s":{"0":1,"1":1,"2":1,"3":1,"4":1,"5":1,"6":1,"7":1,"8":1,"9":0,"10":0,"11":0,"12":0,"13":0,"14":0,"15":0,"16":0,"17":0,"18":2,"19":2},"f":{"0":1,"1":1,"2":1,"3":0,"4":2},"b":{"0":[0,0],"1":[0,0],"2":[0,0],"3":[2,2]},"_coverageSchema":"43e27e138ebf9cfc5966b082cf9a028302ed4184","hash":"21c4e7c57a48d747ea300bb9b7cd7cd9d342a5cf"}
,"/Users/nsigal/Documents/chalhoub/newspwa_app/src/pages/NotFound/NotFoundPage.js": {"path":"/Users/nsigal/Documents/chalhoub/newspwa_app/src/pages/NotFound/NotFoundPage.js","statementMap":{"0":{"start":{"line":3,"column":21},"end":{"line":5,"column":1}},"1":{"start":{"line":4,"column":4},"end":{"line":4,"column":58}}},"fnMap":{"0":{"name":"(anonymous_0)","decl":{"start":{"line":3,"column":21},"end":{"line":3,"column":22}},"loc":{"start":{"line":3,"column":27},"end":{"line":5,"column":1}},"line":3}},"branchMap":{},"s":{"0":1,"1":1},"f":{"0":1},"b":{},"_coverageSchema":"43e27e138ebf9cfc5966b082cf9a028302ed4184","hash":"8c347a2b12c8f91792f7e0ff3c454a4285cc898d"}
}
